

> browser-app@0.0.0 build
> npm run rebuild && theia build --mode production


> browser-app@0.0.0 rebuild
> theia rebuild:browser --cacheRoot ..

native node modules are already rebuilt for browser
Could not resolve optional peer dependency '@theia/electron'. Skipping...
0.0%

1.0% setup before run
1.0% setup before run NodeEnvironmentPlugin
1.0% setup before run
2.0% setup run
2.0% setup run webpack-cli
2.0% setup run

4.0% setup normal module factory

4.0% setup normal module factory

5.0% setup context module factory
5.0% setup context module factory MonacoBuildPlugin
5.0% setup context module factory

6.0% setup before compile
6.0% setup before compile ProgressPlugin

6.0% setup before compile

7.0% setup compile
7.0% setup compile ExternalsPlugin
7.0% setup compile

8.0% setup compilation

8.0% setup compilation CopyPlugin
8.0% setup compilation CompressionPlugin

8.0% setup compilation CopyPlugin
8.0% setup compilation ArrayPushCallbackChunkFormatPlugin

8.0% setup compilation JsonpChunkLoadingPlugin
8.0% setup compilation StartupChunkDependenciesPlugin
8.0% setup compilation ImportScriptsChunkLoadingPlugin
8.0% setup compilation WorkerPlugin

8.0% setup compilation SplitChunksPlugin

8.0% setup compilation ResolverCachePlugin

8.0% setup compilation

9.0% setup compilation
9.0% setup compilation ProvidePlugin
9.0% setup compilation ProgressPlugin

9.0% setup compilation ChunkPrefetchPreloadPlugin
9.0% setup compilation SourceMapDevToolPlugin
9.0% setup compilation JavascriptModulesPlugin
9.0% setup compilation JsonModulesPlugin
9.0% setup compilation AssetModulesPlugin
9.0% setup compilation EntryPlugin
9.0% setup compilation EntryPlugin
9.0% setup compilation RuntimePlugin

9.0% setup compilation InferAsyncModulesPlugin

9.0% setup compilation DataUriPlugin
9.0% setup compilation FileUriPlugin

9.0% setup compilation CompatibilityPlugin
9.0% setup compilation HarmonyModulesPlugin

9.0% setup compilation AMDPlugin

9.0% setup compilation RequireJsStuffPlugin
9.0% setup compilation CommonJsPlugin

9.0% setup compilation LoaderPlugin
9.0% setup compilation LoaderPlugin

9.0% setup compilation NodeStuffPlugin
9.0% setup compilation APIPlugin

9.0% setup compilation ExportsInfoApiPlugin

9.0% setup compilation WebpackIsIncludedPlugin
9.0% setup compilation ConstPlugin

9.0% setup compilation UseStrictPlugin
9.0% setup compilation RequireIncludePlugin
9.0% setup compilation RequireEnsurePlugin
9.0% setup compilation RequireContextPlugin

9.0% setup compilation ImportPlugin
9.0% setup compilation ImportMetaContextPlugin

9.0% setup compilation SystemPlugin
9.0% setup compilation ImportMetaPlugin
9.0% setup compilation URLPlugin

9.0% setup compilation DefaultStatsFactoryPlugin
9.0% setup compilation DefaultStatsPresetPlugin

9.0% setup compilation DefaultStatsPrinterPlugin

9.0% setup compilation JavascriptMetaInfoPlugin
9.0% setup compilation EnsureChunkConditionsPlugin

9.0% setup compilation RemoveEmptyChunksPlugin
9.0% setup compilation MergeDuplicateChunksPlugin
9.0% setup compilation FlagIncludedChunksPlugin

9.0% setup compilation SideEffectsFlagPlugin
9.0% setup compilation FlagDependencyExportsPlugin

9.0% setup compilation FlagDependencyUsagePlugin

9.0% setup compilation InnerGraphPlugin

9.0% setup compilation MangleExportsPlugin

9.0% setup compilation ModuleConcatenationPlugin

9.0% setup compilation NoEmitOnErrorsPlugin
9.0% setup compilation RealContentHashPlugin

9.0% setup compilation WasmFinalizeExportsPlugin

9.0% setup compilation DeterministicModuleIdsPlugin
9.0% setup compilation DeterministicChunkIdsPlugin

9.0% setup compilation DefinePlugin

9.0% setup compilation TerserPlugin

9.0% setup compilation TemplatedPathPlugin

9.0% setup compilation RecordIdsPlugin

9.0% setup compilation WarnCaseSensitiveModulesPlugin
9.0% setup compilation IgnoreWarningsPlugin
9.0% setup compilation

10.0% building

10.0% building 0/1 entries 0/0 dependencies 0/0 modules

10.0% building import loader ../node_modules/source-map-loader/dist/cjs.js

10.0% building 0/2 entries 2/2 dependencies 0/2 modules

10.0% building 0/2 entries 53/100 dependencies 1/51 modules

10.0% building 0/2 entries 500/799 dependencies 1/374 modules

10.0% building 0/2 entries 792/800 dependencies 1/574 modules

10.1% building 0/2 entries 1437/1448 dependencies 11/720 modules

10.2% building 0/2 entries 1900/2017 dependencies 20/786 modules

10.3% building 0/2 entries 2065/2100 dependencies 26/856 modules

10.5% building import loader ../node_modules/style-loader/dist/cjs.js

10.5% building import loader ../node_modules/css-loader/dist/cjs.js

10.5% building 0/2 entries 2748/2802 dependencies 47/956 modules

10.6% building 0/2 entries 2918/3200 dependencies 56/1003 modules

10.8% building 0/2 entries 3590/3595 dependencies 72/1100 modules

10.9% building 0/2 entries 4000/4324 dependencies 81/1122 modules

11.1% building 0/2 entries 4400/4613 dependencies 98/1189 modules

11.9% building 0/2 entries 4867/4900 dependencies 176/1242 modules

12.4% building 0/2 entries 5494/5533 dependencies 215/1300 modules

12.7% building 0/2 entries 5682/5900 dependencies 249/1338 modules

13.0% building import loader ../node_modules/umd-compat-loader/index.js

13.0% building 0/2 entries 6144/6177 dependencies 277/1426 modules

13.5% building 0/2 entries 6478/6500 dependencies 319/1497 modules

14.0% building 0/2 entries 6800/6835 dependencies 361/1542 modules

14.8% building 0/2 entries 7200/7254 dependencies 439/1592 modules

16.6% building 0/2 entries 7848/7898 dependencies 600/1670 modules

17.2% building 0/2 entries 7900/7909 dependencies 658/1685 modules

19.6% building 0/2 entries 8687/8700 dependencies 875/1920 modules

22.0% building 0/2 entries 9294/9400 dependencies 1087/2013 modules

23.2% building 0/2 entries 9564/9600 dependencies 1200/2092 modules

23.7% building 0/2 entries 10163/10312 dependencies 1248/2200 modules

24.0% building 0/2 entries 10207/10700 dependencies 1274/2206 modules

25.4% building 0/2 entries 11144/11198 dependencies 1400/2369 modules

27.4% building 0/2 entries 11659/11700 dependencies 1585/2493 modules

28.4% building 0/2 entries 12498/12509 dependencies 1673/2600 modules

29.2% building 0/2 entries 13200/13204 dependencies 1745/2664 modules

30.5% building 0/2 entries 13563/13700 dependencies 1868/2713 modules

32.9% building 0/2 entries 14200/14310 dependencies 2083/2822 modules

37.5% building 1/2 entries 14770/14848 dependencies 2293/2900 modules

38.6% building 1/2 entries 15142/15153 dependencies 2600/2943 modules

65.0% building 2/2 entries 15426/15426 dependencies 2963/2963 modules

65.0% building
69.0% building finish
69.0% building finish

70.0% sealing finish module graph
70.0% sealing finish module graph ResolverCachePlugin
70.0% sealing finish module graph InferAsyncModulesPlugin

70.0% sealing finish module graph FlagDependencyExportsPlugin

70.0% sealing finish module graph InnerGraphPlugin
70.0% sealing finish module graph WasmFinalizeExportsPlugin

70.0% sealing finish module graph

70.6% sealing plugins
70.6% sealing plugins WarnCaseSensitiveModulesPlugin

70.6% sealing plugins
71.3% sealing dependencies optimization
71.3% sealing dependencies optimization SideEffectsFlagPlugin

71.3% sealing dependencies optimization FlagDependencyUsagePlugin

71.3% sealing dependencies optimization

71.9% sealing after dependencies optimization

71.9% sealing after dependencies optimization

72.6% sealing chunk graph

72.6% sealing chunk graph

73.2% sealing after chunk graph

73.2% sealing after chunk graph

73.8% sealing optimizing

73.8% sealing optimizing

74.5% sealing module optimization

74.5% sealing module optimization

75.1% sealing after module optimization

75.1% sealing after module optimization

75.8% sealing chunk optimization

75.8% sealing chunk optimization EnsureChunkConditionsPlugin

75.8% sealing chunk optimization RemoveEmptyChunksPlugin

75.8% sealing chunk optimization MergeDuplicateChunksPlugin

75.8% sealing chunk optimization SplitChunksPlugin

75.8% sealing chunk optimization RemoveEmptyChunksPlugin
75.8% sealing chunk optimization
76.4% sealing after chunk optimization
76.4% sealing after chunk optimization
77.1% sealing module and chunk tree optimization
77.1% sealing module and chunk tree optimization
77.7% sealing after module and chunk tree optimization
77.7% sealing after module and chunk tree optimization
78.3% sealing chunk modules optimization
78.3% sealing chunk modules optimization ModuleConcatenationPlugin

78.3% sealing chunk modules optimization

79.0% sealing after chunk modules optimization
79.0% sealing after chunk modules optimization

79.6% sealing module reviving

79.6% sealing module reviving RecordIdsPlugin

79.6% sealing module reviving

80.3% sealing before module ids
80.3% sealing before module ids

80.9% sealing module ids

80.9% sealing module ids DeterministicModuleIdsPlugin

80.9% sealing module ids

81.5% sealing module id optimization
81.5% sealing module id optimization
82.2% sealing module id optimization
82.2% sealing module id optimization

82.8% sealing chunk reviving
82.8% sealing chunk reviving RecordIdsPlugin
82.8% sealing chunk reviving
83.5% sealing before chunk ids
83.5% sealing before chunk ids
84.1% sealing chunk ids
84.1% sealing chunk ids DeterministicChunkIdsPlugin

84.1% sealing chunk ids

84.7% sealing chunk id optimization

84.7% sealing chunk id optimization FlagIncludedChunksPlugin

84.7% sealing chunk id optimization

85.4% sealing after chunk id optimization

85.4% sealing after chunk id optimization

86.0% sealing record modules

86.0% sealing record modules RecordIdsPlugin

86.0% sealing record modules

86.7% sealing record chunks

86.7% sealing record chunks RecordIdsPlugin

86.7% sealing record chunks

87.3% sealing module hashing

87.3% sealing module hashing

87.9% sealing code generation

87.9% sealing code generation

88.6% sealing runtime requirements

88.6% sealing runtime requirements

89.2% sealing hashing
89.2% sealing hashing

89.9% sealing after hashing
89.9% sealing after hashing
90.5% sealing record hash
90.5% sealing record hash
91.2% sealing module assets processing
91.2% sealing module assets processing
91.8% sealing chunk assets processing
91.8% sealing chunk assets processing

92.4% sealing asset processing

92.4% sealing asset processing CopyPlugin

92.4% sealing asset processing CopyPlugin

92.4% sealing asset processing TerserPlugin

92.4% sealing asset processing SourceMapDevToolPlugin
92.4% sealing asset processing SourceMapDevToolPlugin

92.4% sealing asset processing SourceMapDevToolPlugin bundle.js generate SourceMap

92.4% sealing asset processing SourceMapDevToolPlugin bundle.js generated SourceMap

92.4% sealing asset processing SourceMapDevToolPlugin editor.worker.js generate SourceMap

92.4% sealing asset processing SourceMapDevToolPlugin editor.worker.js generated SourceMap

92.4% sealing asset processing SourceMapDevToolPlugin 205.js generate SourceMap

92.4% sealing asset processing SourceMapDevToolPlugin 205.js generated SourceMap

92.4% sealing asset processing SourceMapDevToolPlugin 998.js generate SourceMap

92.4% sealing asset processing SourceMapDevToolPlugin 998.js generated SourceMap

92.4% sealing asset processing SourceMapDevToolPlugin ../webview/pre/host.js generate SourceMap
92.4% sealing asset processing SourceMapDevToolPlugin ../webview/pre/host.js generated SourceMap
92.4% sealing asset processing SourceMapDevToolPlugin ../webview/pre/main.js generate SourceMap
92.4% sealing asset processing SourceMapDevToolPlugin ../webview/pre/main.js generated SourceMap
92.4% sealing asset processing SourceMapDevToolPlugin ../webview/pre/service-worker.js generate SourceMap
92.4% sealing asset processing SourceMapDevToolPlugin ../webview/pre/service-worker.js generated SourceMap
92.4% sealing asset processing SourceMapDevToolPlugin context/plugin-vscode-init-fe.js generate SourceMap
92.4% sealing asset processing SourceMapDevToolPlugin context/plugin-vscode-init-fe.js generated SourceMap
92.4% sealing asset processing SourceMapDevToolPlugin resolve sources

92.4% sealing asset processing SourceMapDevToolPlugin bundle.js attach SourceMap

92.4% sealing asset processing SourceMapDevToolPlugin bundle.js attached SourceMap
92.4% sealing asset processing SourceMapDevToolPlugin editor.worker.js attach SourceMap

92.4% sealing asset processing SourceMapDevToolPlugin editor.worker.js attached SourceMap
92.4% sealing asset processing SourceMapDevToolPlugin 205.js attach SourceMap

92.4% sealing asset processing SourceMapDevToolPlugin 205.js attached SourceMap

92.4% sealing asset processing SourceMapDevToolPlugin 998.js attach SourceMap

92.4% sealing asset processing SourceMapDevToolPlugin 998.js attached SourceMap
92.4% sealing asset processing SourceMapDevToolPlugin

92.4% sealing asset processing SourceMapDevToolPlugin
92.4% sealing asset processing SourceMapDevToolPlugin resolve sources

92.4% sealing asset processing SourceMapDevToolPlugin

92.4% sealing asset processing RealContentHashPlugin

92.4% sealing asset processing CompressionPlugin

92.4% sealing asset processing CompressionPlugin
92.4% sealing asset processing CompressionPlugin resolve sources

92.4% sealing asset processing CompressionPlugin
92.4% sealing asset processing
93.1% sealing after asset optimization
93.1% sealing after asset optimization

93.7% sealing recording
93.7% sealing recording

94.4% sealing after seal
94.4% sealing after seal

95.0% emitting emit
95.0% emitting emit

98.0% emitting after emit

98.0% emitting after emit SizeLimitsPlugin

98.0% emitting after emit

99.0% done plugins
99.0% done plugins MultiCompiler
99.0% done plugins
99.0%
99.0% cache store build dependencies
99.0% cache store build dependencies
99.0% cache begin idle
99.0% cache begin idle
100.0%

99.0% cache shutdown
99.0% cache shutdown MemoryCachePlugin
99.0% cache shutdown
100.0%

assets by status 1.92 MiB [cached] 14 assets
assets by path . 15.5 MiB
  assets by status 12.9 MiB [emitted]
    assets by path ../webview/pre/*.js 15.5 KiB 3 assets
    assets by status 12.9 MiB [big]
      asset bundle.js 12.4 MiB [emitted] [minimized] [big] (name: bundle) 3 related assets
      asset editor.worker.js 441 KiB [emitted] [minimized] [big] (name: editor.worker) 3 related assets
    asset context/plugin-vscode-init-fe.js 398 bytes [emitted] [from: ../node_modules/@theia/plugin-ext-vscode/lib/node/context/plugin-vscode-init-fe.js] [copied] [minimized] 1 related asset
  assets by status 2.61 MiB [compared for emit]
    assets by path *.js 2.59 MiB 2 assets
    assets by path ../webview/pre/ 726 bytes 2 assets
    asset resources/preload.html 17.1 KiB [compared for emit] [from: resources/preload.html] [copied] 1 related asset
    asset secondary-window.html 531 bytes [compared for emit] [from: src-gen/frontend/secondary-window.html] [copied] 1 related asset
2984 modules
  

WARNING in ../node_modules/@theia/monaco-editor-core/esm/vs/base/common/worker/simpleWorker.js 439:56-66
Critical dependency: the request of a dependency is an expression
 @ ../node_modules/@theia/monaco-editor-core/esm/vs/editor/common/services/editorWorkerBootstrap.js 9:26-80
 @ ../node_modules/@theia/monaco-editor-core/esm/vs/editor/editor.worker.js 21:13-66

WARNING in ../node_modules/@theia/monaco-editor-core/esm/vs/editor/common/services/editorSimpleWorker.js 420:53-63
Critical dependency: the request of a dependency is an expression
 @ ../node_modules/@theia/monaco-editor-core/esm/vs/editor/common/services/editorWorkerBootstrap.js 10:32-66
 @ ../node_modules/@theia/monaco-editor-core/esm/vs/editor/editor.worker.js 21:13-66

WARNING in asset size limit: The following asset(s) exceed the recommended size limit (244 KiB).
This can impact web performance.
Assets: 
  bundle.js (12.4 MiB)
  c1e38fd9e0e74ba58f7a.svg?v=4.7.0 (434 KiB)
  55a4dd893aa466108ee8.wasm (462 KiB)
  editor.worker.js (441 KiB)
  998.js (2.59 MiB)
  editor.worker.js.map.gz (442 KiB)
  998.js.gz (774 KiB)
  998.js.map.gz (1.17 MiB)
  bundle.js.gz (3.25 MiB)
  bundle.js.map.gz (8.31 MiB)

WARNING in entrypoint size limit: The following entrypoint(s) combined asset size exceeds the recommended limit (244 KiB). This can impact web performance.
Entrypoints:
  bundle (12.4 MiB)
      bundle.js
  editor.worker (441 KiB)
      editor.worker.js

2 warnings have detailed information that is not shown.
Use 'stats.errorDetails: true' resp. '--stats-error-details' to show it.

webpack 5.99.9 compiled with 4 warnings in 195860 ms

assets by status 1.92 MiB [cached] 14 assets
assets by status 9.98 MiB [emitted]
  asset secondary-window.js 9.53 MiB [emitted] [minimized] [big] (name: secondary-window) 2 related assets
  asset secondary-window.css 455 KiB [emitted] [big] (name: secondary-window) 1 related asset
Entrypoint secondary-window [big] 9.98 MiB (30.1 MiB) = secondary-window.css 455 KiB secondary-window.js 9.53 MiB 16 auxiliary assets
2835 modules
  

WARNING in ../node_modules/@theia/monaco-editor-core/esm/vs/base/common/worker/simpleWorker.js 439:56-66
Critical dependency: the request of a dependency is an expression
 @ ../node_modules/@theia/monaco-editor-core/esm/vs/editor/browser/services/editorWorkerService.js 19:26-80
 @ ../node_modules/@theia/monaco-editor-core/esm/vs/editor/standalone/browser/standaloneServices.js 72:33-89
 @ ../node_modules/@theia/monaco/lib/browser/monaco-frontend-module.js 65:29-117
 @ ./src-gen/frontend/secondary-index.js 10:19-86

WARNING in ../node_modules/@theia/monaco-editor-core/esm/vs/editor/common/services/editorSimpleWorker.js 420:53-63
Critical dependency: the request of a dependency is an expression
 @ ../node_modules/@theia/monaco-editor-core/esm/vs/editor/browser/services/editorWorkerService.js 23:32-86
 @ ../node_modules/@theia/monaco-editor-core/esm/vs/editor/standalone/browser/standaloneServices.js 72:33-89
 @ ../node_modules/@theia/monaco/lib/browser/monaco-frontend-module.js 65:29-117
 @ ./src-gen/frontend/secondary-index.js 10:19-86

WARNING in asset size limit: The following asset(s) exceed the recommended size limit (244 KiB).
This can impact web performance.
Assets: 
  c1e38fd9e0e74ba58f7a.svg?v=4.7.0 (434 KiB)
  secondary-window.css (455 KiB)
  secondary-window.js (9.53 MiB)
  55a4dd893aa466108ee8.wasm (462 KiB)

WARNING in entrypoint size limit: The following entrypoint(s) combined asset size exceeds the recommended limit (244 KiB). This can impact web performance.
Entrypoints:
  secondary-window (9.98 MiB)
      secondary-window.css
      secondary-window.js

WARNING in webpack performance recommendations: 
You can limit the size of your bundles by using import() or require.ensure to lazy load some parts of your application.
For more info visit https://webpack.js.org/guides/code-splitting/

2 warnings have detailed information that is not shown.
Use 'stats.errorDetails: true' resp. '--stats-error-details' to show it.

webpack 5.99.9 compiled with 5 warnings in 157573 ms

assets by path *.js 6.13 MiB
  assets by status 4.23 MiB [emitted]
    assets by chunk 4.2 MiB (id hint: vendors) 5 assets
    + 6 assets
  asset 157.js 1.53 MiB [compared for emit] [minimized] (id hint: vendors) 1 related asset
  asset 188.js 370 KiB [compared for emit] [minimized] (id hint: vendors)
assets by path native/*.node 715 KiB
  asset native/watcher.node 503 KiB [emitted] (auxiliary id hint: vendors)
  asset native/keytar.node 75.2 KiB [emitted] (auxiliary id hint: vendors)
  asset native/pty.node 69.9 KiB [emitted] (auxiliary id hint: vendors)
  asset native/drivelist.node 66.9 KiB [emitted] (auxiliary id hint: vendors)
asset worker/conoutSocketWorker.js 686 bytes [emitted] [minimized] (name: worker/conoutSocketWorker)
runtime modules 21.2 KiB 60 modules
orphan modules 148 KiB [orphan] 34 modules
javascript modules 8.21 MiB
  cacheable modules 8.2 MiB
    modules by path ../node_modules/ 8.2 MiB 1546 modules
    modules by path ./ 7.01 KiB 5 modules
    modules by path ../custom-ui/lib/backend/*.js 1.44 KiB 3 modules
  + 45 modules
json modules 2.33 MiB
  modules by path ../node_modules/@theia/ 1.91 MiB 17 modules
  modules by path ../node_modules/iconv-lite/ 86.7 KiB 8 modules
  modules by path ../node_modules/body-parser/ 86.7 KiB 8 modules
  modules by path ../node_modules/raw-body/ 86.7 KiB 8 modules
  + 6 modules
webpack 5.99.9 compiled successfully in 88816 ms

